<?xml version="1.0" encoding="UTF-8"?>
<testsuite name="Default test"
           tests="1"
           failures="1"
           errors="0"
           skipped="0"
           time="2.895">
  <properties />
            <testcase name="calc" time="2.895" classname="main.java.com.dbyl.appiumCore.tests.iOSTest">
                <failure type="org.openqa.selenium.WebDriverException"
                  message="An unknown server-side error occurred while processing the command. Original error: -[XCTestDriver managerProxy]: unrecognized selector sent to instance 0x60800004c0c0

(
	0   CoreFoundation                      0x00000001093a5b0b __exceptionPreprocess + 171
	1   libobjc.A.dylib                     0x0000000108e0a141 objc_exception_throw + 48
	2   CoreFoundation                      0x0000000109415134 -[NSObject(NSObject) doesNotRecognizeSelector:] + 132
	3   CoreFoundation                      0x000000010932c840 ___forwarding___ + 1024
	4   CoreFoundation                      0x000000010932c3b8 _CF_forwarding_prep_0 + 120
	5   WebDriverAgentLib                   0x000000011a3650de __29+[FBKeyboard typeText:error:]_block_invoke + 126
	6   WebDriverAgentLib                   0x000000011a369af5 +[FBRunLoopSpinner spinUntilCompletion:] + 149
	7   WebDriverAgentLib                   0x000000011a364ee4 +[FBKeyboard typeText:error:] + 436
	8   WebDriverAgentLib                   0x000000011a37367b -[XCUIElement(FBTyping) fb_typeText:error:] + 155
	9   WebDriverAgentLib                   0x000000011a37ef22 +[FBElementCommands handleSetValue:] + 802
	10  WebDriverAgentLib                   0x000000011a368ba3 -[FBRoute_TargetAction mountRequest:intoResponse:] + 179
	11  WebDriverAgentLib                   0x000000011a3601f4 __37-[FBWebServer registerRouteHandlers:]_block_invoke + 548
	12  RoutingHTTPServer                   0x000000011a41ac18 -[RoutingHTTPServer handleRoute:withRequest:response:] + 136
	13  RoutingHTTPServer                   0x000000011a41b4fa __72-[RoutingHTTPServer routeMethod:withPath:parameters:request:connection:]_block_invoke + 47
	14  libdispatch.dylib                   0x000000010c4e4792 _dispatch_client_callout + 8
	15  libdispatch.dylib                   0x000000010c4cd4e0 _dispatch_barrier_sync_f_slow_invoke + 292
	16  libdispatch.dylib                   0x000000010c4e4792 _dispatch_client_callout + 8
	17  libdispatch.dylib                   0x000000010c4cc247 _dispatch_main_queue_callback_4CF + 1041
	18  CoreFoundation                      0x000000010936a909 __CFRUNLOOP_IS_SERVICING_THE_MAIN_DISPATCH_QUEUE__ + 9
	19  CoreFoundation                      0x0000000109330ae4 __CFRunLoopRun + 2164
	20  CoreFoundation                      0x0000000109330016 CFRunLoopRunSpecific + 406
	21  Foundation                          0x00000001088f3480 -[NSRunLoop(NSRunLoop) runMode:beforeDate:] + 274
	22  Foundation                          0x00000001088f335b -[NSRunLoop(NSRunLoop) run] + 76
	23  WebDriverAgentLib                   0x000000011a35f0e6 -[FBWebServer startServing] + 262
	24  WebDriverAgentRunner                0x000000011a354aa4 -[UITestingUITests testRunner] + 100
	25  CoreFoundation                      0x000000010932dc6c __invoking___ + 140
	26  CoreFoundation                      0x000000010932db40 -[NSInvocation invoke] + 320
	27  XCTest                              0x00000001087be8e2 __24-[XCTestCase invokeTest]_block_invoke_2 + 491
	28  XCTest                              0x00000001087fcf62 -[XCTestContext performInScope:] + 190
	29  XCTest                              0x00000001087be6e4 -[XCTestCase invokeTest] + 254
	30  XCTest                              0x00000001087befb2 -[XCTestCase performTest:] + 565
	31  XCTest                              0x00000001087bc078 __27-[XCTestSuite performTest:]_block_invoke + 300
	32  XCTest                              0x00000001087bbc68 -[XCTestSuite _performProtectedSectionForTest:testSection:] + 29
	33  XCTest                              0x00000001087bbe4e -[XCTestSuite performTest:] + 214
	34  XCTest                              0x00000001087bc078 __27-[XCTestSuite performTest:]_block_invoke + 300
	35  XCTest                              0x00000001087bbc68 -[XCTestSuite _performProtectedSectionForTest:testSection:] + 29
	36  XCTest                              0x00000001087bbe4e -[XCTestSuite performTest:] + 214
	37  XCTest                              0x00000001087bc078 __27-[XCTestSuite performTest:]_block_invoke + 300
	38  XCTest                              0x00000001087bbc68 -[XCTestSuite _performProtectedSectionForTest:testSection:] + 29
	39  XCTest                              0x00000001087bbe4e -[XCTestSuite performTest:] + 214
	40  XCTest                              0x0000000108808a86 __44-[XCTTestRunSession runTestsAndReturnError:]_block_invoke + 40
	41  XCTest                              0x00000001087caf27 -[XCTestObservationCenter _observeTestExecutionForBlock:] + 574
	42  XCTest                              0x0000000108808925 -[XCTTestRunSession runTestsAndReturnError:] + 281
	43  XCTest                              0x00000001087a6a50 -[XCTestDriver runTestsAndReturnError:] + 254
	44  XCTest                              0x000000010880086e _XCTestMain + 559
	45  CoreFoundation                      0x000000010934bb5c __CFRUNLOOP_IS_CALLING_OUT_TO_A_BLOCK__ + 12
	46  CoreFoundation                      0x0000000109330e54 __CFRunLoopDoBlocks + 356
	47  CoreFoundation                      0x00000001093305ee __CFRunLoopRun + 894
	48  CoreFoundation                      0x0000000109330016 CFRunLoopRunSpecific + 406
	49  GraphicsServices                    0x000000010b7f8a24 GSEventRunModal + 62
	50  UIKit                               0x00000001097c90d4 UIApplicationMain + 159
	51  XCTRunner                           0x000000010872681c XCTRunner + 6172
	52  libdyld.dylib                       0x000000010c52d65d start + 1
	53  ???                                 0x0000000000000005 0x0 + 5
) (WARNING: The server did not provide any stacktrace information)
Command duration or timeout: 2.22 seconds
Build info: version: &apos;3.3.1&apos;, revision: &apos;5234b32&apos;, time: &apos;2017-03-10 09:04:52 -0800&apos;
System info: host: &apos;Youngs-MacBook-Pro.local&apos;, ip: &apos;fe80:0:0:0:c8a:263c:42db:618c%en0&apos;, os.name: &apos;Mac OS X&apos;, os.arch: &apos;x86_64&apos;, os.version: &apos;10.12.4&apos;, java.version: &apos;1.8.0_92&apos;
Driver info: io.appium.java_client.ios.IOSDriver
Capabilities [{app=/Volumes/Transcend/Document/workspace/appiumDemo/apps/TestApp.app, networkConnectionEnabled=false, databaseEnabled=false, deviceName=iPhone 7 Plus, platform=MAC, platformVersion=10.3, webStorageEnabled=false, locationContextEnabled=false, automationName=XCUITest, browserName=, takesScreenshot=true, javascriptEnabled=true, unicodeKeyboard=True, platformName=iOS, udid=8212ABBC-A1F9-43E9-878E-2CF7A0AEDEE1, resetKeyboard=True}]
Session ID: 72fa36e0-1445-435b-a6a2-a3e5c98f4610"
              >
<![CDATA[org.openqa.selenium.WebDriverException: An unknown server-side error occurred while processing the command. Original error: -[XCTestDriver managerProxy]: unrecognized selector sent to instance 0x60800004c0c0

(
	0   CoreFoundation                      0x00000001093a5b0b __exceptionPreprocess + 171
	1   libobjc.A.dylib                     0x0000000108e0a141 objc_exception_throw + 48
	2   CoreFoundation                      0x0000000109415134 -[NSObject(NSObject) doesNotRecognizeSelector:] + 132
	3   CoreFoundation                      0x000000010932c840 ___forwarding___ + 1024
	4   CoreFoundation                      0x000000010932c3b8 _CF_forwarding_prep_0 + 120
	5   WebDriverAgentLib                   0x000000011a3650de __29+[FBKeyboard typeText:error:]_block_invoke + 126
	6   WebDriverAgentLib                   0x000000011a369af5 +[FBRunLoopSpinner spinUntilCompletion:] + 149
	7   WebDriverAgentLib                   0x000000011a364ee4 +[FBKeyboard typeText:error:] + 436
	8   WebDriverAgentLib                   0x000000011a37367b -[XCUIElement(FBTyping) fb_typeText:error:] + 155
	9   WebDriverAgentLib                   0x000000011a37ef22 +[FBElementCommands handleSetValue:] + 802
	10  WebDriverAgentLib                   0x000000011a368ba3 -[FBRoute_TargetAction mountRequest:intoResponse:] + 179
	11  WebDriverAgentLib                   0x000000011a3601f4 __37-[FBWebServer registerRouteHandlers:]_block_invoke + 548
	12  RoutingHTTPServer                   0x000000011a41ac18 -[RoutingHTTPServer handleRoute:withRequest:response:] + 136
	13  RoutingHTTPServer                   0x000000011a41b4fa __72-[RoutingHTTPServer routeMethod:withPath:parameters:request:connection:]_block_invoke + 47
	14  libdispatch.dylib                   0x000000010c4e4792 _dispatch_client_callout + 8
	15  libdispatch.dylib                   0x000000010c4cd4e0 _dispatch_barrier_sync_f_slow_invoke + 292
	16  libdispatch.dylib                   0x000000010c4e4792 _dispatch_client_callout + 8
	17  libdispatch.dylib                   0x000000010c4cc247 _dispatch_main_queue_callback_4CF + 1041
	18  CoreFoundation                      0x000000010936a909 __CFRUNLOOP_IS_SERVICING_THE_MAIN_DISPATCH_QUEUE__ + 9
	19  CoreFoundation                      0x0000000109330ae4 __CFRunLoopRun + 2164
	20  CoreFoundation                      0x0000000109330016 CFRunLoopRunSpecific + 406
	21  Foundation                          0x00000001088f3480 -[NSRunLoop(NSRunLoop) runMode:beforeDate:] + 274
	22  Foundation                          0x00000001088f335b -[NSRunLoop(NSRunLoop) run] + 76
	23  WebDriverAgentLib                   0x000000011a35f0e6 -[FBWebServer startServing] + 262
	24  WebDriverAgentRunner                0x000000011a354aa4 -[UITestingUITests testRunner] + 100
	25  CoreFoundation                      0x000000010932dc6c __invoking___ + 140
	26  CoreFoundation                      0x000000010932db40 -[NSInvocation invoke] + 320
	27  XCTest                              0x00000001087be8e2 __24-[XCTestCase invokeTest]_block_invoke_2 + 491
	28  XCTest                              0x00000001087fcf62 -[XCTestContext performInScope:] + 190
	29  XCTest                              0x00000001087be6e4 -[XCTestCase invokeTest] + 254
	30  XCTest                              0x00000001087befb2 -[XCTestCase performTest:] + 565
	31  XCTest                              0x00000001087bc078 __27-[XCTestSuite performTest:]_block_invoke + 300
	32  XCTest                              0x00000001087bbc68 -[XCTestSuite _performProtectedSectionForTest:testSection:] + 29
	33  XCTest                              0x00000001087bbe4e -[XCTestSuite performTest:] + 214
	34  XCTest                              0x00000001087bc078 __27-[XCTestSuite performTest:]_block_invoke + 300
	35  XCTest                              0x00000001087bbc68 -[XCTestSuite _performProtectedSectionForTest:testSection:] + 29
	36  XCTest                              0x00000001087bbe4e -[XCTestSuite performTest:] + 214
	37  XCTest                              0x00000001087bc078 __27-[XCTestSuite performTest:]_block_invoke + 300
	38  XCTest                              0x00000001087bbc68 -[XCTestSuite _performProtectedSectionForTest:testSection:] + 29
	39  XCTest                              0x00000001087bbe4e -[XCTestSuite performTest:] + 214
	40  XCTest                              0x0000000108808a86 __44-[XCTTestRunSession runTestsAndReturnError:]_block_invoke + 40
	41  XCTest                              0x00000001087caf27 -[XCTestObservationCenter _observeTestExecutionForBlock:] + 574
	42  XCTest                              0x0000000108808925 -[XCTTestRunSession runTestsAndReturnError:] + 281
	43  XCTest                              0x00000001087a6a50 -[XCTestDriver runTestsAndReturnError:] + 254
	44  XCTest                              0x000000010880086e _XCTestMain + 559
	45  CoreFoundation                      0x000000010934bb5c __CFRUNLOOP_IS_CALLING_OUT_TO_A_BLOCK__ + 12
	46  CoreFoundation                      0x0000000109330e54 __CFRunLoopDoBlocks + 356
	47  CoreFoundation                      0x00000001093305ee __CFRunLoopRun + 894
	48  CoreFoundation                      0x0000000109330016 CFRunLoopRunSpecific + 406
	49  GraphicsServices                    0x000000010b7f8a24 GSEventRunModal + 62
	50  UIKit                               0x00000001097c90d4 UIApplicationMain + 159
	51  XCTRunner                           0x000000010872681c XCTRunner + 6172
	52  libdyld.dylib                       0x000000010c52d65d start + 1
	53  ???                                 0x0000000000000005 0x0 + 5
) (WARNING: The server did not provide any stacktrace information)
Command duration or timeout: 2.22 seconds
Build info: version: '3.3.1', revision: '5234b32', time: '2017-03-10 09:04:52 -0800'
System info: host: 'Youngs-MacBook-Pro.local', ip: 'fe80:0:0:0:c8a:263c:42db:618c%en0', os.name: 'Mac OS X', os.arch: 'x86_64', os.version: '10.12.4', java.version: '1.8.0_92'
Driver info: io.appium.java_client.ios.IOSDriver
Capabilities [{app=/Volumes/Transcend/Document/workspace/appiumDemo/apps/TestApp.app, networkConnectionEnabled=false, databaseEnabled=false, deviceName=iPhone 7 Plus, platform=MAC, platformVersion=10.3, webStorageEnabled=false, locationContextEnabled=false, automationName=XCUITest, browserName=, takesScreenshot=true, javascriptEnabled=true, unicodeKeyboard=True, platformName=iOS, udid=8212ABBC-A1F9-43E9-878E-2CF7A0AEDEE1, resetKeyboard=True}]
Session ID: 72fa36e0-1445-435b-a6a2-a3e5c98f4610
  sun.reflect.NativeConstructorAccessorImpl.newInstance0(Native Method)
  sun.reflect.NativeConstructorAccessorImpl.newInstance(NativeConstructorAccessorImpl.java:62)
  sun.reflect.DelegatingConstructorAccessorImpl.newInstance(DelegatingConstructorAccessorImpl.java:45)
  java.lang.reflect.Constructor.newInstance(Constructor.java:423)
  org.openqa.selenium.remote.ErrorHandler.createThrowable(ErrorHandler.java:216)
  org.openqa.selenium.remote.ErrorHandler.throwIfResponseFailed(ErrorHandler.java:168)
  org.openqa.selenium.remote.RemoteWebDriver.execute(RemoteWebDriver.java:638)
  io.appium.java_client.DefaultGenericMobileDriver.execute(DefaultGenericMobileDriver.java:42)
  io.appium.java_client.AppiumDriver.execute(AppiumDriver.java:1)
  io.appium.java_client.ios.IOSDriver.execute(IOSDriver.java:1)
  org.openqa.selenium.remote.RemoteWebElement.execute(RemoteWebElement.java:274)
  io.appium.java_client.DefaultGenericMobileElement.execute(DefaultGenericMobileElement.java:45)
  io.appium.java_client.MobileElement.execute(MobileElement.java:1)
  io.appium.java_client.ios.IOSElement.execute(IOSElement.java:1)
  io.appium.java_client.MobileElement.setValue(MobileElement.java:139)
  sun.reflect.NativeMethodAccessorImpl.invoke0(Native Method)
  sun.reflect.NativeMethodAccessorImpl.invoke(NativeMethodAccessorImpl.java:62)
  sun.reflect.DelegatingMethodAccessorImpl.invoke(DelegatingMethodAccessorImpl.java:43)
  java.lang.reflect.Method.invoke(Method.java:498)
  io.appium.java_client.pagefactory.ElementInterceptor.getObject(ElementInterceptor.java:40)
  io.appium.java_client.pagefactory.interceptors.InterceptorOfASingleElement.intercept(InterceptorOfASingleElement.java:62)
  io.appium.java_client.ios.IOSElement$$EnhancerByCGLIB$$184e91dc.setValue(<generated>)
  main.java.com.dbyl.appiumCore.tests.iOSPageDemo.typeInputBox(iOSPageDemo.java:43)
  main.java.com.dbyl.appiumCore.tests.iOSPageDemo.typeTextField1(iOSPageDemo.java:48)
  main.java.com.dbyl.appiumCore.tests.iOSTest.calc(iOSTest.java:74)
  sun.reflect.NativeMethodAccessorImpl.invoke0(Native Method)
  sun.reflect.NativeMethodAccessorImpl.invoke(NativeMethodAccessorImpl.java:62)
  sun.reflect.DelegatingMethodAccessorImpl.invoke(DelegatingMethodAccessorImpl.java:43)
  java.lang.reflect.Method.invoke(Method.java:498)
  org.testng.internal.MethodInvocationHelper.invokeMethod(MethodInvocationHelper.java:108)
  org.testng.internal.Invoker.invokeMethod(Invoker.java:661)
  org.testng.internal.Invoker.invokeTestMethod(Invoker.java:869)
  org.testng.internal.Invoker.invokeTestMethods(Invoker.java:1193)
  org.testng.internal.TestMethodWorker.invokeTestMethods(TestMethodWorker.java:126)
  org.testng.internal.TestMethodWorker.run(TestMethodWorker.java:109)
  org.testng.TestRunner.privateRun(TestRunner.java:744)
  org.testng.TestRunner.run(TestRunner.java:602)
  org.testng.SuiteRunner.runTest(SuiteRunner.java:380)
  org.testng.SuiteRunner.runSequentially(SuiteRunner.java:375)
  org.testng.SuiteRunner.privateRun(SuiteRunner.java:340)
  org.testng.SuiteRunner.run(SuiteRunner.java:289)
  org.testng.SuiteRunnerWorker.runSuite(SuiteRunnerWorker.java:52)
  org.testng.SuiteRunnerWorker.run(SuiteRunnerWorker.java:86)
  org.testng.TestNG.runSuitesSequentially(TestNG.java:1301)
  org.testng.TestNG.runSuitesLocally(TestNG.java:1226)
  org.testng.TestNG.runSuites(TestNG.java:1144)
  org.testng.TestNG.run(TestNG.java:1115)
  org.testng.remote.AbstractRemoteTestNG.run(AbstractRemoteTestNG.java:132)
  org.testng.remote.RemoteTestNG.initAndRun(RemoteTestNG.java:230)
  org.testng.remote.RemoteTestNG.main(RemoteTestNG.java:76)
]]>
      </failure>

          </testcase>
  
  
  
</testsuite>
