<?xml version="1.0" encoding="UTF-8"?>
<!-- Generated by org.testng.reporters.JUnitReportReporter -->
<testsuite hostname="Youngs-MacBook-Pro.local" name="main.java.com.dbyl.appiumCore.tests.AppWebView" tests="1" failures="0" timestamp="10 Sep 2016 06:09:14 GMT" time="80.846" errors="1">
  <testcase name="webViewTest" time="80.846" classname="main.java.com.dbyl.appiumCore.tests.AppWebView">
    <error type="org.openqa.selenium.NoSuchElementException" message="no such element: Unable to locate element: {&quot;method&quot;:&quot;xpath&quot;,&quot;selector&quot;:&quot;//textarea[@id=&#039;index-kw&#039;]&quot;}
  (Session info: webview=33.0.0.0)
  (Driver info: chromedriver=2.21.371459 (36d3d07f660ff2bc1bf28a75d1cdabed0983e7c4),platform=Mac OS X 10.11.6 x86_64) (WARNING: The server did not provide any stacktrace information)
Command duration or timeout: 53.23 seconds
For documentation on this error, please visit: http://seleniumhq.org/exceptions/no_such_element.html
Build info: version: &#039;2.53.1&#039;, revision: &#039;a36b8b1&#039;, time: &#039;2016-06-30 17:37:03&#039;
System info: host: &#039;Youngs-MacBook-Pro.local&#039;, ip: &#039;101.225.89.21&#039;, os.name: &#039;Mac OS X&#039;, os.arch: &#039;x86_64&#039;, os.version: &#039;10.11.6&#039;, java.version: &#039;1.8.0_92&#039;
Driver info: io.appium.java_client.android.AndroidDriver
Capabilities [{app=/Volumes/Transcend/Document/workspace/appiumDemo/apps/webview.apk, appPackage=com.testerhome.webview, networkConnectionEnabled=true, noSign=true, warnings={}, databaseEnabled=false, deviceName=192.168.58.101:5555, platform=LINUX, deviceUDID=192.168.58.101:5555, appActivity=.MainActivity, desired={app=/Volumes/Transcend/Document/workspace/appiumDemo/apps/webview.apk, appPackage=com.testerhome.webview, appActivity=.MainActivity, noSign=true, platformVersion=4.4, automationName=Appium, browserName=, platformName=Android, deviceName=Android Emulator}, platformVersion=4.4.4, webStorageEnabled=false, locationContextEnabled=false, automationName=Appium, takesScreenshot=true, browserName=, javascriptEnabled=true, platformName=Android}]
Session ID: b05ecb2f-f86f-4a14-8495-770ab870c71b
*** Element info: {Using=xpath, value=//textarea[@id=&#039;index-kw&#039;]}">
      <![CDATA[org.openqa.selenium.NoSuchElementException: no such element: Unable to locate element: {"method":"xpath","selector":"//textarea[@id='index-kw']"}
  (Session info: webview=33.0.0.0)
  (Driver info: chromedriver=2.21.371459 (36d3d07f660ff2bc1bf28a75d1cdabed0983e7c4),platform=Mac OS X 10.11.6 x86_64) (WARNING: The server did not provide any stacktrace information)
Command duration or timeout: 53.23 seconds
For documentation on this error, please visit: http://seleniumhq.org/exceptions/no_such_element.html
Build info: version: '2.53.1', revision: 'a36b8b1', time: '2016-06-30 17:37:03'
System info: host: 'Youngs-MacBook-Pro.local', ip: '101.225.89.21', os.name: 'Mac OS X', os.arch: 'x86_64', os.version: '10.11.6', java.version: '1.8.0_92'
Driver info: io.appium.java_client.android.AndroidDriver
Capabilities [{app=/Volumes/Transcend/Document/workspace/appiumDemo/apps/webview.apk, appPackage=com.testerhome.webview, networkConnectionEnabled=true, noSign=true, warnings={}, databaseEnabled=false, deviceName=192.168.58.101:5555, platform=LINUX, deviceUDID=192.168.58.101:5555, appActivity=.MainActivity, desired={app=/Volumes/Transcend/Document/workspace/appiumDemo/apps/webview.apk, appPackage=com.testerhome.webview, appActivity=.MainActivity, noSign=true, platformVersion=4.4, automationName=Appium, browserName=, platformName=Android, deviceName=Android Emulator}, platformVersion=4.4.4, webStorageEnabled=false, locationContextEnabled=false, automationName=Appium, takesScreenshot=true, browserName=, javascriptEnabled=true, platformName=Android}]
Session ID: b05ecb2f-f86f-4a14-8495-770ab870c71b
*** Element info: {Using=xpath, value=//textarea[@id='index-kw']}
	at sun.reflect.NativeConstructorAccessorImpl.newInstance0(Native Method)
	at sun.reflect.NativeConstructorAccessorImpl.newInstance(NativeConstructorAccessorImpl.java:62)
	at sun.reflect.DelegatingConstructorAccessorImpl.newInstance(DelegatingConstructorAccessorImpl.java:45)
	at java.lang.reflect.Constructor.newInstance(Constructor.java:423)
	at org.openqa.selenium.remote.ErrorHandler.createThrowable(ErrorHandler.java:206)
	at org.openqa.selenium.remote.ErrorHandler.throwIfResponseFailed(ErrorHandler.java:158)
	at org.openqa.selenium.remote.RemoteWebDriver.execute(RemoteWebDriver.java:678)
	at io.appium.java_client.DefaultGenericMobileDriver.execute(DefaultGenericMobileDriver.java:40)
	at io.appium.java_client.AppiumDriver.execute(AppiumDriver.java:1)
	at io.appium.java_client.android.AndroidDriver.execute(AndroidDriver.java:1)
	at org.openqa.selenium.remote.RemoteWebDriver.findElement(RemoteWebDriver.java:363)
	at io.appium.java_client.DefaultGenericMobileDriver.findElement(DefaultGenericMobileDriver.java:56)
	at io.appium.java_client.AppiumDriver.findElement(AppiumDriver.java:1)
	at io.appium.java_client.android.AndroidDriver.findElement(AndroidDriver.java:1)
	at org.openqa.selenium.remote.RemoteWebDriver.findElementByXPath(RemoteWebDriver.java:500)
	at io.appium.java_client.DefaultGenericMobileDriver.findElementByXPath(DefaultGenericMobileDriver.java:134)
	at io.appium.java_client.AppiumDriver.findElementByXPath(AppiumDriver.java:1)
	at io.appium.java_client.android.AndroidDriver.findElementByXPath(AndroidDriver.java:1)
	at main.java.com.dbyl.appiumCore.tests.AppWebView.webViewTest(AppWebView.java:79)
	at sun.reflect.NativeMethodAccessorImpl.invoke0(Native Method)
	at sun.reflect.NativeMethodAccessorImpl.invoke(NativeMethodAccessorImpl.java:62)
	at sun.reflect.DelegatingMethodAccessorImpl.invoke(DelegatingMethodAccessorImpl.java:43)
	at java.lang.reflect.Method.invoke(Method.java:498)
	at org.testng.internal.MethodInvocationHelper.invokeMethod(MethodInvocationHelper.java:100)
	at org.testng.internal.Invoker.invokeMethod(Invoker.java:646)
	at org.testng.internal.Invoker.invokeTestMethod(Invoker.java:811)
	at org.testng.internal.Invoker.invokeTestMethods(Invoker.java:1129)
	at org.testng.internal.TestMethodWorker.invokeTestMethods(TestMethodWorker.java:129)
	at org.testng.internal.TestMethodWorker.run(TestMethodWorker.java:112)
	at java.util.concurrent.ThreadPoolExecutor.runWorker(ThreadPoolExecutor.java:1142)
	at java.util.concurrent.ThreadPoolExecutor$Worker.run(ThreadPoolExecutor.java:617)
	at java.lang.Thread.run(Thread.java:812)
]]>
    </error>
  </testcase> <!-- webViewTest -->
</testsuite> <!-- main.java.com.dbyl.appiumCore.tests.AppWebView -->
